app/build/outputs/logs/manifest-merger-debug-report.txt
-- Merging decision tree log ---
manifest
ADDED from src\main\AndroidManifest.xml:2:1-95:12
	package
		ADDED from src\main\AndroidManifest.xml:3:11-37
		INJECTED from src\main\AndroidManifest.xml
		INJECTED from src\main\AndroidManifest.xml
	android:versionName
		INJECTED from src\main\AndroidManifest.xml
		INJECTED from src\main\AndroidManifest.xml
	xmlns:android
		ADDED from src\main\AndroidManifest.xml:2:11-69
	android:versionCode
		INJECTED from src\main\AndroidManifest.xml
		INJECTED from src\main\AndroidManifest.xml
uses-permission#android.permission.NFC
ADDED from src\main\AndroidManifest.xml:5:5-61
	android:name
		ADDED from src\main\AndroidManifest.xml:5:22-59
uses-permission#android.permission.INTERNET
ADDED from src\main\AndroidManifest.xml:6:5-66
MERGED from [com.aliyun.ams:alicloud-android-hotfix:3.1.0] AndroidManifest.xml:11:5-67
MERGED from [com.tencent.bugly:crashreport_upgrade:1.3.1] AndroidManifest.xml:12:5-67
	android:name
		ADDED from src\main\AndroidManifest.xml:6:22-64
uses-permission#android.permission.WRITE_EXTERNAL_STORAGE
ADDED from src\main\AndroidManifest.xml:7:5-80
MERGED from [com.tencent.bugly:crashreport_upgrade:1.3.1] AndroidManifest.xml:16:5-81
	android:name
		ADDED from src\main\AndroidManifest.xml:7:22-78
uses-permission#android.permission.READ_EXTERNAL_STORAGE
ADDED from src\main\AndroidManifest.xml:8:5-79
MERGED from [com.aliyun.ams:alicloud-android-hotfix:3.1.0] AndroidManifest.xml:14:5-80
	android:name
		ADDED from src\main\AndroidManifest.xml:8:22-77
uses-permission#android.permission.ACCESS_WIFI_STATE
ADDED from src\main\AndroidManifest.xml:9:5-75
MERGED from [com.aliyun.ams:alicloud-android-hotfix:3.1.0] AndroidManifest.xml:13:5-76
MERGED from [com.tencent.bugly:crashreport_upgrade:1.3.1] AndroidManifest.xml:14:5-76
	android:name
		ADDED from src\main\AndroidManifest.xml:9:22-73
uses-permission#android.permission.READ_LOGS
ADDED from src\main\AndroidManifest.xml:10:5-67
MERGED from [com.tencent.bugly:crashreport_upgrade:1.3.1] AndroidManifest.xml:15:5-68
	android:name
		ADDED from src\main\AndroidManifest.xml:10:22-65
uses-permission#android.permission.READ_PHONE_STATE
ADDED from src\main\AndroidManifest.xml:11:5-74
MERGED from [com.tencent.bugly:crashreport_upgrade:1.3.1] AndroidManifest.xml:11:5-75
	android:name
		ADDED from src\main\AndroidManifest.xml:11:22-72
uses-permission#android.permission.ACCESS_NETWORK_STATE
ADDED from src\main\AndroidManifest.xml:12:5-78
MERGED from [com.aliyun.ams:alicloud-android-hotfix:3.1.0] AndroidManifest.xml:12:5-79
MERGED from [com.tencent.bugly:crashreport_upgrade:1.3.1] AndroidManifest.xml:13:5-79
	android:name
		ADDED from src\main\AndroidManifest.xml:12:22-76
uses-permission#android.permission.CAMERA
ADDED from src\main\AndroidManifest.xml:13:5-65
	android:name
		ADDED from src\main\AndroidManifest.xml:13:22-62
application
ADDED from src\main\AndroidManifest.xml:14:5-93:19
MERGED from [com.android.support:cardview-v7:25.3.1] AndroidManifest.xml:26:5-20
MERGED from [com.facebook.stetho:stetho-okhttp3:1.5.0] AndroidManifest.xml:11:5-20
MERGED from [com.facebook.stetho:stetho:1.5.0] AndroidManifest.xml:11:5-20
MERGED from [com.afollestad.material-dialogs:commons:0.9.4.5] AndroidManifest.xml:12:5-20
MERGED from [com.afollestad.material-dialogs:core:0.9.4.5] AndroidManifest.xml:13:5-20
MERGED from [com.android.support:support-v13:25.3.1] AndroidManifest.xml:29:5-20
MERGED from [me.yokeyword:indexablerecyclerview:1.2.4] AndroidManifest.xml:11:5-20
MERGED from [com.just.agentweb:agentweb:1.2.6] AndroidManifest.xml:11:5-26:19
MERGED from [com.android.support:design:25.3.1] AndroidManifest.xml:29:5-20
MERGED from [com.android.support:transition:25.3.1] AndroidManifest.xml:26:5-20
MERGED from [com.tbruyelle.rxpermissions2:rxpermissions:0.9.4] AndroidManifest.xml:11:5-20
MERGED from [com.android.support:appcompat-v7:25.3.1] AndroidManifest.xml:29:5-20
MERGED from [com.android.support:support-v4:25.3.1] AndroidManifest.xml:29:5-20
MERGED from [com.android.support:support-fragment:25.3.1] AndroidManifest.xml:29:5-20
MERGED from [com.android.support:support-media-compat:25.3.1] AndroidManifest.xml:29:5-20
MERGED from [com.android.support:support-core-ui:25.3.1] AndroidManifest.xml:29:5-20
MERGED from [com.android.support:support-core-utils:25.3.1] AndroidManifest.xml:29:5-20
MERGED from [com.android.support:animated-vector-drawable:25.3.1] AndroidManifest.xml:26:5-20
MERGED from [com.android.support:support-vector-drawable:25.3.1] AndroidManifest.xml:26:5-20
MERGED from [com.android.support:exifinterface:25.3.1] AndroidManifest.xml:26:5-20
MERGED from [com.aliyun.ams:alicloud-android-hotfix:3.1.0] AndroidManifest.xml:16:5-27:19
MERGED from [com.tencent.bugly:crashreport_upgrade:1.3.1] AndroidManifest.xml:19:5-54:19
MERGED from [com.android.support:support-compat:25.3.1] AndroidManifest.xml:29:5-20
	android:label
		ADDED from src\main\AndroidManifest.xml:18:9-41
	android:supportsRtl
		ADDED from src\main\AndroidManifest.xml:20:9-35
	android:roundIcon
		ADDED from src\main\AndroidManifest.xml:19:9-54
	android:allowBackup
		ADDED from src\main\AndroidManifest.xml:16:9-35
	android:icon
		ADDED from src\main\AndroidManifest.xml:17:9-43
	android:theme
		ADDED from src\main\AndroidManifest.xml:21:9-40
	android:name
		ADDED from src\main\AndroidManifest.xml:15:9-54
activity#cn.connxun.morui.ui.splash.SplashActivity
ADDED from src\main\AndroidManifest.xml:22:9-30:20
	android:label
		ADDED from src\main\AndroidManifest.xml:24:13-45
	android:name
		ADDED from src\main\AndroidManifest.xml:23:13-69
intent-filter#android.intent.action.MAIN+android.intent.category.LAUNCHER
ADDED from src\main\AndroidManifest.xml:25:13-29:29
action#android.intent.action.MAIN
ADDED from src\main\AndroidManifest.xml:26:17-68
	android:name
		ADDED from src\main\AndroidManifest.xml:26:25-66
category#android.intent.category.LAUNCHER
ADDED from src\main\AndroidManifest.xml:28:17-76
	android:name
		ADDED from src\main\AndroidManifest.xml:28:27-74
activity#cn.connxun.morui.ui.login.LoginActivity
ADDED from src\main\AndroidManifest.xml:31:9-75
	android:name
		ADDED from src\main\AndroidManifest.xml:31:19-73
activity#cn.connxun.morui.ui.main.MainActivity
ADDED from src\main\AndroidManifest.xml:32:9-73
	android:name
		ADDED from src\main\AndroidManifest.xml:32:19-71
activity#cn.connxun.morui.ui.contacts.ContactsActivity
ADDED from src\main\AndroidManifest.xml:33:9-65
	android:name
		ADDED from src\main\AndroidManifest.xml:33:19-63
activity#cn.connxun.morui.ui.filedoc.FileDocActivity
ADDED from src\main\AndroidManifest.xml:34:9-63
	android:name
		ADDED from src\main\AndroidManifest.xml:34:19-61
activity#cn.connxun.morui.ui.notice.NoticeActivity
ADDED from src\main\AndroidManifest.xml:35:9-61
	android:name
		ADDED from src\main\AndroidManifest.xml:35:19-59
activity#cn.connxun.morui.ui.guide.GuideActivity
ADDED from src\main\AndroidManifest.xml:36:9-59
	android:name
		ADDED from src\main\AndroidManifest.xml:36:19-57
activity#cn.connxun.morui.ui.filepreview.FilePreviewActivity
ADDED from src\main\AndroidManifest.xml:37:9-39:69
	android:windowSoftInputMode
		ADDED from src\main\AndroidManifest.xml:39:13-67
	android:name
		ADDED from src\main\AndroidManifest.xml:38:13-63
activity#cn.connxun.morui.ui.base.WebActivity
ADDED from src\main\AndroidManifest.xml:40:9-56
	android:name
		ADDED from src\main\AndroidManifest.xml:40:19-54
activity#cn.connxun.morui.ui.task.conplan.ConplanActivity
ADDED from src\main\AndroidManifest.xml:42:9-68
	android:name
		ADDED from src\main\AndroidManifest.xml:42:19-66
activity#cn.connxun.morui.ui.task.conplan.ConplanDetailActivity
ADDED from src\main\AndroidManifest.xml:43:9-74
	android:name
		ADDED from src\main\AndroidManifest.xml:43:19-72
activity#cn.connxun.morui.ui.task.historyrecord.HistoryRecordActivity
ADDED from src\main\AndroidManifest.xml:44:9-80
	android:name
		ADDED from src\main\AndroidManifest.xml:44:19-78
activity#cn.connxun.morui.ui.task.inspectrecord.InspectRecordActivity
ADDED from src\main\AndroidManifest.xml:45:9-80
	android:name
		ADDED from src\main\AndroidManifest.xml:45:19-78
activity#cn.connxun.morui.ui.task.taskallot.TaskAllotActivity
ADDED from src\main\AndroidManifest.xml:46:9-72
	android:name
		ADDED from src\main\AndroidManifest.xml:46:19-70
activity#cn.connxun.morui.ui.task.taskinspect.TaskInspectActivity
ADDED from src\main\AndroidManifest.xml:47:9-76
	android:name
		ADDED from src\main\AndroidManifest.xml:47:19-74
activity#cn.connxun.morui.ui.task.taskstep.TaskStepActivity
ADDED from src\main\AndroidManifest.xml:48:9-70
	android:name
		ADDED from src\main\AndroidManifest.xml:48:19-68
activity#cn.connxun.morui.ui.task.stacalreport.ReportActionActivity
ADDED from src\main\AndroidManifest.xml:49:9-78
	android:name
		ADDED from src\main\AndroidManifest.xml:49:19-76
activity#cn.connxun.morui.ui.task.stacalreport.ReportResultActivity
ADDED from src\main\AndroidManifest.xml:50:9-78
	android:name
		ADDED from src\main\AndroidManifest.xml:50:19-76
activity#cn.connxun.morui.ui.task.taskdetails.TaskDetailsActivity
ADDED from src\main\AndroidManifest.xml:51:9-76
	android:name
		ADDED from src\main\AndroidManifest.xml:51:19-74
activity#cn.connxun.morui.ui.task.sceneplan.ScenePlanActivity
ADDED from src\main\AndroidManifest.xml:52:9-72
	android:name
		ADDED from src\main\AndroidManifest.xml:52:19-70
activity#cn.connxun.morui.ui.task.scenevideo.SceneVideoActivity
ADDED from src\main\AndroidManifest.xml:53:9-74
	android:name
		ADDED from src\main\AndroidManifest.xml:53:19-72
activity#cn.connxun.morui.ui.task.stacalreport.StaticsReportActivity
ADDED from src\main\AndroidManifest.xml:54:9-79
	android:name
		ADDED from src\main\AndroidManifest.xml:54:19-77
activity#cn.connxun.morui.ui.task.synctask.SyncActivity
ADDED from src\main\AndroidManifest.xml:55:9-66
	android:name
		ADDED from src\main\AndroidManifest.xml:55:19-64
activity#cn.connxun.morui.ui.task.tasktag.TaskTagactivity
ADDED from src\main\AndroidManifest.xml:56:9-60:20
	android:name
		ADDED from src\main\AndroidManifest.xml:56:19-66
intent-filter#android.nfc.action.NDEF_DISCOVERED
ADDED from src\main\AndroidManifest.xml:57:13-59:29
action#android.nfc.action.NDEF_DISCOVERED
ADDED from src\main\AndroidManifest.xml:58:17-76
	android:name
		ADDED from src\main\AndroidManifest.xml:58:25-74
activity#com.tencent.bugly.beta.ui.BetaActivity
ADDED from src\main\AndroidManifest.xml:61:9-64:63
MERGED from [com.tencent.bugly:crashreport_upgrade:1.3.1] AndroidManifest.xml:22:9-26:56
	android:configChanges
		ADDED from src\main\AndroidManifest.xml:63:13-81
	android:theme
		ADDED from src\main\AndroidManifest.xml:64:13-61
	tools:replace
		ADDED from [com.tencent.bugly:crashreport_upgrade:1.3.1] AndroidManifest.xml:26:13-53
	android:name
		ADDED from src\main\AndroidManifest.xml:62:13-66
activity#cn.finalteam.rxgalleryfinal.ui.activity.MediaActivity
ADDED from src\main\AndroidManifest.xml:65:9-69:14
	android:screenOrientation
		ADDED from src\main\AndroidManifest.xml:67:13-49
	android:exported
		ADDED from src\main\AndroidManifest.xml:68:13-36
	android:name
		ADDED from src\main\AndroidManifest.xml:66:13-81
activity#com.yalantis.ucrop.UCropActivity
ADDED from src\main\AndroidManifest.xml:70:9-73:16
	android:screenOrientation
		ADDED from src\main\AndroidManifest.xml:72:13-49
	android:name
		ADDED from src\main\AndroidManifest.xml:71:13-60
provider#android.support.v4.content.FileProvider
ADDED from src\main\AndroidManifest.xml:74:9-82:20
	android:authorities
		ADDED from src\main\AndroidManifest.xml:76:13-64
		INJECTED from src\main\AndroidManifest.xml
	android:grantUriPermissions
		ADDED from src\main\AndroidManifest.xml:77:13-47
	android:exported
		ADDED from src\main\AndroidManifest.xml:78:13-37
	android:name
		ADDED from src\main\AndroidManifest.xml:75:13-67
meta-data#android.support.FILE_PROVIDER_PATHS
ADDED from src\main\AndroidManifest.xml:79:13-81:53
	android:resource
		ADDED from src\main\AndroidManifest.xml:81:17-51
	android:name
		ADDED from src\main\AndroidManifest.xml:80:17-67
meta-data#com.taobao.android.hotfix.IDSECRET
ADDED from src\main\AndroidManifest.xml:84:9-86:41
	android:value
		ADDED from src\main\AndroidManifest.xml:86:13-39
	android:name
		ADDED from src\main\AndroidManifest.xml:85:13-62
meta-data#com.taobao.android.hotfix.APPSECRET
ADDED from src\main\AndroidManifest.xml:87:9-89:63
	android:value
		ADDED from src\main\AndroidManifest.xml:89:13-61
	android:name
		ADDED from src\main\AndroidManifest.xml:88:13-63
meta-data#com.taobao.android.hotfix.RSASECRET
ADDED from src\main\AndroidManifest.xml:90:9-92:1655
	android:value
		ADDED from src\main\AndroidManifest.xml:92:13-1653
	android:name
		ADDED from src\main\AndroidManifest.xml:91:13-63
uses-sdk
INJECTED from src\main\AndroidManifest.xml reason: use-sdk injection requested
MERGED from [com.android.support:multidex:1.0.1] AndroidManifest.xml:18:5-42
MERGED from [com.android.support:cardview-v7:25.3.1] AndroidManifest.xml:20:5-43
MERGED from [com.facebook.stetho:stetho-okhttp3:1.5.0] AndroidManifest.xml:7:5-9:41
MERGED from [com.facebook.stetho:stetho:1.5.0] AndroidManifest.xml:7:5-9:41
MERGED from [com.flipboard:bottomsheet-commons:1.5.3] AndroidManifest.xml:5:5-7:41
MERGED from [com.flipboard:bottomsheet-core:1.5.3] AndroidManifest.xml:5:5-7:41
MERGED from [com.jude:easyrecyclerview:4.4.2] AndroidManifest.xml:8:5-10:41
MERGED from [com.wang.avi:library:2.1.3] AndroidManifest.xml:7:5-9:41
MERGED from [com.afollestad.material-dialogs:commons:0.9.4.5] AndroidManifest.xml:8:5-10:41
MERGED from [com.afollestad.material-dialogs:core:0.9.4.5] AndroidManifest.xml:8:5-11:75
MERGED from [com.android.support:support-v13:25.3.1] AndroidManifest.xml:21:5-23:55
MERGED from [me.zhanghai.android.materialprogressbar:library:1.4.1] AndroidManifest.xml:12:5-14:41
MERGED from [me.yokeyword:indexablerecyclerview:1.2.4] AndroidManifest.xml:7:5-9:41
MERGED from [com.just.agentweb:agentweb:1.2.6] AndroidManifest.xml:7:5-9:41
MERGED from [com.android.support:design:25.3.1] AndroidManifest.xml:21:5-23:62
MERGED from [com.android.support:transition:25.3.1] AndroidManifest.xml:20:5-44
MERGED from [jp.wasabeef:recyclerview-animators:2.2.3] AndroidManifest.xml:8:5-10:41
MERGED from [com.github.CymChad:BaseRecyclerViewAdapterHelper:2.9.22] AndroidManifest.xml:7:5-9:41
MERGED from [com.orhanobut:logger:2.1.1] AndroidManifest.xml:6:5-43
MERGED from [com.tbruyelle.rxpermissions2:rxpermissions:0.9.4] AndroidManifest.xml:7:5-9:41
MERGED from [cn.finalteam.rxgalleryfinal:library:1.0.9] AndroidManifest.xml:8:5-10:41
MERGED from [com.yalantis:ucrop:2.2.0] AndroidManifest.xml:8:5-10:41
MERGED from [com.android.support:recyclerview-v7:25.3.1] AndroidManifest.xml:20:5-43
MERGED from [com.android.support:appcompat-v7:25.3.1] AndroidManifest.xml:21:5-23:78
MERGED from [com.android.support:support-v4:25.3.1] AndroidManifest.xml:21:5-23:54
MERGED from [com.android.support:support-fragment:25.3.1] AndroidManifest.xml:21:5-23:60
MERGED from [com.android.support:support-media-compat:25.3.1] AndroidManifest.xml:21:5-23:63
MERGED from [com.android.support:support-core-ui:25.3.1] AndroidManifest.xml:21:5-23:58
MERGED from [com.android.support:support-core-utils:25.3.1] AndroidManifest.xml:21:5-23:61
MERGED from [com.android.support:animated-vector-drawable:25.3.1] AndroidManifest.xml:20:5-44
MERGED from [com.android.support:support-vector-drawable:25.3.1] AndroidManifest.xml:20:5-43
MERGED from [com.android.support:exifinterface:25.3.1] AndroidManifest.xml:20:5-43
MERGED from [com.blankj:utilcode:1.9.0] AndroidManifest.xml:8:5-44
MERGED from [com.aliyun.ams:alicloud-android-hotfix:3.1.0] AndroidManifest.xml:7:5-9:41
MERGED from [com.tencent.bugly:crashreport_upgrade:1.3.1] AndroidManifest.xml:6:5-8:41
MERGED from [com.tencent.bugly:nativecrashreport:3.3.1] AndroidManifest.xml:5:5-7:41
MERGED from [com.jakewharton:butterknife:8.7.0] AndroidManifest.xml:5:5-43
MERGED from [com.android.support:support-compat:25.3.1] AndroidManifest.xml:21:5-23:58
MERGED from [io.reactivex.rxjava2:rxandroid:2.0.1] AndroidManifest.xml:19:5-43
	tools:overrideLibrary
		ADDED from [com.afollestad.material-dialogs:core:0.9.4.5] AndroidManifest.xml:11:9-72
	android:targetSdkVersion
		INJECTED from src\main\AndroidManifest.xml
		INJECTED from src\main\AndroidManifest.xml
	android:minSdkVersion
		INJECTED from src\main\AndroidManifest.xml
		INJECTED from src\main\AndroidManifest.xml
meta-data#android.support.VERSION
ADDED from [com.android.support:cardview-v7:25.3.1] AndroidManifest.xml:22:5-24:34
MERGED from [com.android.support:support-v13:25.3.1] AndroidManifest.xml:25:5-27:34
MERGED from [com.android.support:design:25.3.1] AndroidManifest.xml:25:5-27:34
MERGED from [com.android.support:transition:25.3.1] AndroidManifest.xml:22:5-24:34
MERGED from [com.android.support:recyclerview-v7:25.3.1] AndroidManifest.xml:22:5-24:34
MERGED from [com.android.support:appcompat-v7:25.3.1] AndroidManifest.xml:25:5-27:34
MERGED from [com.android.support:support-v4:25.3.1] AndroidManifest.xml:25:5-27:34
MERGED from [com.android.support:support-fragment:25.3.1] AndroidManifest.xml:25:5-27:34
MERGED from [com.android.support:support-media-compat:25.3.1] AndroidManifest.xml:25:5-27:34
MERGED from [com.android.support:support-core-ui:25.3.1] AndroidManifest.xml:25:5-27:34
MERGED from [com.android.support:support-core-utils:25.3.1] AndroidManifest.xml:25:5-27:34
MERGED from [com.android.support:animated-vector-drawable:25.3.1] AndroidManifest.xml:22:5-24:34
MERGED from [com.android.support:support-vector-drawable:25.3.1] AndroidManifest.xml:22:5-24:34
MERGED from [com.android.support:exifinterface:25.3.1] AndroidManifest.xml:22:5-24:34
MERGED from [com.android.support:support-compat:25.3.1] AndroidManifest.xml:25:5-27:34
	android:value
		ADDED from [com.android.support:cardview-v7:25.3.1] AndroidManifest.xml:24:9-31
	android:name
		ADDED from [com.android.support:cardview-v7:25.3.1] AndroidManifest.xml:23:9-47
provider#com.just.library.AgentWebFileProvider
ADDED from [com.just.agentweb:agentweb:1.2.6] AndroidManifest.xml:15:9-23:20
	android:authorities
		ADDED from [com.just.agentweb:agentweb:1.2.6] AndroidManifest.xml:17:13-72
	android:grantUriPermissions
		ADDED from [com.just.agentweb:agentweb:1.2.6] AndroidManifest.xml:19:13-47
	android:exported
		ADDED from [com.just.agentweb:agentweb:1.2.6] AndroidManifest.xml:18:13-37
	android:name
		ADDED from [com.just.agentweb:agentweb:1.2.6] AndroidManifest.xml:16:13-65
receiver#com.just.library.RealDownLoader$NotificationBroadcastReceiver
ADDED from [com.just.agentweb:agentweb:1.2.6] AndroidManifest.xml:25:9-98
	android:name
		ADDED from [com.just.agentweb:agentweb:1.2.6] AndroidManifest.xml:25:19-95
service#com.taobao.sophix.aidl.DownloadService
ADDED from [com.aliyun.ams:alicloud-android-hotfix:3.1.0] AndroidManifest.xml:17:9-25:19
	android:exported
		ADDED from [com.aliyun.ams:alicloud-android-hotfix:3.1.0] AndroidManifest.xml:19:13-36
	android:name
		ADDED from [com.aliyun.ams:alicloud-android-hotfix:3.1.0] AndroidManifest.xml:18:13-66
intent-filter#android.intent.category.DEFAULT+com.taobao.hotfix.action
ADDED from [com.aliyun.ams:alicloud-android-hotfix:3.1.0] AndroidManifest.xml:20:13-24:29
action#com.taobao.hotfix.action
ADDED from [com.aliyun.ams:alicloud-android-hotfix:3.1.0] AndroidManifest.xml:21:17-67
	android:name
		ADDED from [com.aliyun.ams:alicloud-android-hotfix:3.1.0] AndroidManifest.xml:21:25-64
category#android.intent.category.DEFAULT
ADDED from [com.aliyun.ams:alicloud-android-hotfix:3.1.0] AndroidManifest.xml:23:17-76
	android:name
		ADDED from [com.aliyun.ams:alicloud-android-hotfix:3.1.0] AndroidManifest.xml:23:27-73
provider#com.tencent.bugly.beta.utils.BuglyFileProvider
ADDED from [com.tencent.bugly:crashreport_upgrade:1.3.1] AndroidManifest.xml:28:9-38:20
	android:authorities
		ADDED from [com.tencent.bugly:crashreport_upgrade:1.3.1] AndroidManifest.xml:30:13-64
	android:grantUriPermissions
		ADDED from [com.tencent.bugly:crashreport_upgrade:1.3.1] AndroidManifest.xml:32:13-47
	android:exported
		ADDED from [com.tencent.bugly:crashreport_upgrade:1.3.1] AndroidManifest.xml:31:13-37
	tools:replace
		ADDED from [com.tencent.bugly:crashreport_upgrade:1.3.1] AndroidManifest.xml:33:13-74
	android:name
		ADDED from [com.tencent.bugly:crashreport_upgrade:1.3.1] AndroidManifest.xml:29:13-74
service#com.tencent.bugly.beta.tinker.TinkerResultService
ADDED from [com.tencent.bugly:crashreport_upgrade:1.3.1] AndroidManifest.xml:40:9-42:40
	android:exported
		ADDED from [com.tencent.bugly:crashreport_upgrade:1.3.1] AndroidManifest.xml:42:13-37
	android:name
		ADDED from [com.tencent.bugly:crashreport_upgrade:1.3.1] AndroidManifest.xml:41:13-77
service#com.tencent.tinker.lib.service.TinkerPatchService
ADDED from [com.tencent.bugly:crashreport_upgrade:1.3.1] AndroidManifest.xml:43:9-46:40
	android:process
		ADDED from [com.tencent.bugly:crashreport_upgrade:1.3.1] AndroidManifest.xml:46:13-37
	android:exported
		ADDED from [com.tencent.bugly:crashreport_upgrade:1.3.1] AndroidManifest.xml:45:13-37
	android:name
		ADDED from [com.tencent.bugly:crashreport_upgrade:1.3.1] AndroidManifest.xml:44:13-77
service#com.tencent.tinker.lib.service.TinkerPatchService$InnerService
ADDED from [com.tencent.bugly:crashreport_upgrade:1.3.1] AndroidManifest.xml:47:9-50:40
	android:process
		ADDED from [com.tencent.bugly:crashreport_upgrade:1.3.1] AndroidManifest.xml:50:13-37
	android:exported
		ADDED from [com.tencent.bugly:crashreport_upgrade:1.3.1] AndroidManifest.xml:49:13-37
	android:name
		ADDED from [com.tencent.bugly:crashreport_upgrade:1.3.1] AndroidManifest.xml:48:13-90
service#com.tencent.tinker.lib.service.DefaultTinkerResultService
ADDED from [com.tencent.bugly:crashreport_upgrade:1.3.1] AndroidManifest.xml:51:9-53:40
	android:exported
		ADDED from [com.tencent.bugly:crashreport_upgrade:1.3.1] AndroidManifest.xml:53:13-37
	android:name
		ADDED from [com.tencent.bugly:crashreport_upgrade:1.3.1] AndroidManifest.xml:52:13-85